<?xml version="1.0" encoding="UTF-8"?>
<testsuite xmlns:xsi="http://www.w3.org/2001/XMLSchema-instance" xsi:noNamespaceSchemaLocation="https://maven.apache.org/surefire/maven-surefire-plugin/xsd/surefire-test-report.xsd" name="petStore.PetStoreApiTest" time="8.387" tests="5" errors="0" skipped="0" failures="0">
  <properties>
[...]
</properties>
  <testcase name="testResponseCode" classname="petStore.PetStoreApiTest" time="1.644"/>
  <testcase name="testResponseTime" classname="petStore.PetStoreApiTest" time="1.661"/>
  <testcase name="testfindPetByStatusSold" classname="petStore.PetStoreApiTest" time="1.346"/>
  <testcase name="testfindPetByStatusPending" classname="petStore.PetStoreApiTest" time="1.469"/>
  <testcase name="testfindPetByStatusAvailable" classname="petStore.PetStoreApiTest" time="2.264"/>
</testsuite>